<?xml version="1.0" encoding="UTF-8"?>
<!-- Generated by org.testng.reporters.JUnitXMLReporter -->
<testsuite ignored="0" hostname="DESKTOP-LAFFKET" failures="1" tests="1" name="EdgeTest" time="35.119" errors="0" timestamp="2023-08-21T15:27:39 IST">
  <testcase classname="com.healthcare.executePageClasses.CaptureVitalsOfPatientTestClass" name="verifyAllAddVitalDetailsOfRegisteredPatient" time="25.975">
    <failure type="java.lang.AssertionError" message="did not expect [165.0 cm60.0 kg40.0 DEG C70 beats/min80100 mmHg120 mmHg96 %] but found [165.0 cm60.0 kg40.0 DEG C70 beats/min80100 mmHg120 mmHg96 %]">
      <![CDATA[java.lang.AssertionError: did not expect [165.0 cm60.0 kg40.0 DEG C70 beats/min80100 mmHg120 mmHg96 %] but found [165.0 cm60.0 kg40.0 DEG C70 beats/min80100 mmHg120 mmHg96 %]
at com.healthcare.executePageClasses.CaptureVitalsOfPatientTestClass.verifyAllAddVitalDetailsOfRegisteredPatient(CaptureVitalsOfPatientTestClass.java:63)
at java.base/java.util.ArrayList.forEach(ArrayList.java:1541)
... Removed 32 stack frames]]>
    </failure>
  </testcase> <!-- verifyAllAddVitalDetailsOfRegisteredPatient -->
</testsuite> <!-- EdgeTest -->
